<?xml version="1.0" encoding="UTF-8"?>
<!-- Generated by org.testng.reporters.JUnitReportReporter -->
<testsuite skipped="0" hostname="RDP-InfoUser" name="testcases.Masters.TC_Verify_Login" tests="1" failures="0" timestamp="29 Jun 2021 06:58:21 GMT" time="35.499" errors="0">
  <testcase name="tc01" time="35.499" classname="testcases.Masters.TC_Verify_Login"/>
</testsuite> <!-- testcases.Masters.TC_Verify_Login -->
