<?xml version="1.0" encoding="UTF-8"?>
<!-- Generated by org.testng.reporters.JUnitReportReporter -->
<testsuite skipped="0" hostname="RDP-InfoUser" name="testcases.Masters.TC01_PmisLogin" tests="1" failures="0" timestamp="29 Jun 2021 06:27:09 GMT" time="33.515" errors="0">
  <testcase name="tc01" time="33.515" classname="testcases.Masters.TC01_PmisLogin"/>
</testsuite> <!-- testcases.Masters.TC01_PmisLogin -->
